         w __deregister_frame_info
         w __register_frame_info
         w userAppExit
         w userAppInit
00000000 00000802 B __ctru_dev_utf16_buf
00000000 b _TLS_MODULE_BASE_
00000000 a shift
00000804 00000401 B __ctru_dev_path_buf
00100000 A __start__
00100000 T _start
00100008 T __service_ptr
0010000c T __apt_appid
00100010 T __heap_size
00100014 T __linear_heap_size
00100018 T __system_arglist
0010001c T __system_runflags
00100020 t startup
00100058 t ClearMem
0010006c t ClrLoop
00100094 T _init
001000ac T __aeabi_drsub
001000b4 000002b0 T __aeabi_dsub
001000b4 000002b0 T __subdf3
001000b8 000002ac T __adddf3
001000b8 000002ac T __aeabi_dadd
00100364 00000024 T __aeabi_ui2d
00100364 00000024 T __floatunsidf
00100388 00000028 T __aeabi_i2d
00100388 00000028 T __floatsidf
001003b0 00000048 T __aeabi_f2d
001003b0 00000048 T __extendsfdf2
001003f8 00000074 T __aeabi_ul2d
001003f8 00000074 T __floatundidf
0010040c 00000060 T __aeabi_l2d
0010040c 00000060 T __floatdidf
0010046c 00000004 W __aeabi_idiv0
0010046c 00000004 W __aeabi_ldiv0
00100488 00000390 T strcmp
00100810 t .udivsi3_skip_div0_test
00100810 T __aeabi_uidiv
00100810 000001ec T __udivsi3
001009fc 00000020 T __aeabi_uidivmod
00100a1c t __do_global_dtors_aux
00100a5c t frame_dummy
00100a88 00000158 T initGraphics()
00100be0 0000012c T updateUniforms(C3D_Mtx*)
00100d10 000002a4 T sceneInit()
00100fb8 00000278 T main
00101230 00000004 W C3Di_LightEnvUpdate
00101234 00000004 W C3Di_LightEnvDirty
00101238 00000004 W C3Di_ProcTexUpdate
0010123c 00000004 W C3Di_ProcTexDirty
00101240 000000b4 t C3Di_AptEventHook
001012f4 00000004 W C3Di_GasUpdate
001012f8 000001e0 T C3D_Init
001014d8 00000098 T C3D_SetViewport
00101570 000004e8 T C3Di_UpdateContext
00101a58 000000e0 T C3Di_SplitFrame
00101b38 00000044 T C3D_Fini
00101b7c 00000114 T C3D_BindProgram
00101c90 0000004c t onVBlank0
00101cdc 0000004c t onVBlank1
00101d28 00000080 t C3Di_RenderTargetDestroy
00101da8 000000f4 t onQueueFinish
00101e9c 00000038 T C3Di_RenderQueueEnableVBlank
00101ed4 00000030 T C3Di_RenderQueueDisableVBlank
00101f04 00000060 T C3Di_RenderQueueInit
00101f64 000000b0 T C3Di_RenderQueueExit
00102014 00000034 T C3Di_RenderQueueWaitDone
00102048 000000e4 T C3D_FrameBegin
0010212c 00000048 T C3D_FrameDrawOn
00102174 000001d8 T C3D_FrameEnd
0010234c 00000184 T C3D_RenderTargetCreate
001024d0 000000a8 T C3D_RenderTargetSetOutput
00102578 000000fc T C3D_SyncTextureCopy
00102674 00000294 T C3D_TexInitWithParams
00102908 000000c8 T C3D_TexLoadImage
001029d0 00000044 T C3D_TexBind
00102a14 00000074 T C3D_TexDelete
00102a88 0000016c T C3Di_SetTex
00102bf4 000003f4 t Tex3DSi_ImportCommon
00102fe8 00000034 T Tex3DS_TextureImport
0010301c 00000004 T Tex3DS_TextureFree
00103020 0000001c T C3D_CalcColorBufSize
0010303c 0000001c T C3D_CalcDepthBufSize
00103058 00000044 T C3D_SetFrameBuf
0010309c 0000016c T C3Di_FrameBufBind
00103208 000000c8 T C3D_FrameBufClear
001032d0 00000044 T C3D_FrameBufTransfer
00103314 00000034 T C3D_GetTexEnv
00103348 00000024 T C3Di_TexEnvBind
0010336c 00000024 T BufInfo_Init
00103390 00000080 T BufInfo_Add
00103410 00000040 T C3D_SetBufInfo
00103450 00000048 T C3Di_BufInfoBind
00103498 00000148 T C3D_DrawArrays
001035e0 00000040 T C3D_DepthMap
00103620 0000001c T C3D_CullFace
0010363c 00000040 T C3D_StencilTest
0010367c 00000024 T C3D_StencilOp
001036a0 0000001c T C3D_BlendingColor
001036bc 00000024 T C3D_EarlyDepthTest
001036e0 0000002c T C3D_DepthTest
0010370c 0000002c T C3D_AlphaTest
00103738 00000050 T C3D_AlphaBlend
00103788 00000030 T C3D_FragOpMode
001037b8 00000044 T C3D_FragOpShadow
001037fc 000001ac T C3Di_EffectBind
001039a8 00000028 T AttrInfo_Init
001039d0 00000094 T AttrInfo_AddLoader
00103a64 00000020 T C3D_GetAttrInfo
00103a84 00000080 T C3Di_AttrInfoBind
00103b04 000000a8 T C3D_ImmSendAttrib
00103bac 00000280 T C3D_UpdateUniforms
00103e2c 000000c0 T C3Di_DirtyUniforms
00103eec 000000d8 T C3Di_LoadShaderUniforms
00103fc4 00000028 T C3Di_ClearShaderUniforms
00103fec 000000a4 T Mtx_RotateX
00104090 00000094 T Mtx_PerspTilt
00104124 000000a0 T Mtx_Translate
001041c4 000000a0 T Mtx_RotateY
00104264 00000024 t addrMapNodeComparator(rbtree_node const*, rbtree_node const*)
00104288 00000004 t addrMapNodeDestructor(rbtree_node*)
0010428c 00000250 T vramMemAlignAt
001044dc 0000000c T vramAlloc
001044e8 0000000c T vramAllocAt
001044f4 00000090 T vramFree
00104584 00000024 t addrMapNodeComparator(rbtree_node const*, rbtree_node const*)
001045a8 00000004 t addrMapNodeDestructor(rbtree_node*)
001045ac 00000120 T linearMemAlign
001046cc 00000008 T linearAlloc
001046d4 0000005c T linearFree
00104730 00000080 T MemPool::CoalesceRight(MemBlock*)
001047b0 0000016c T MemPool::Allocate(MemChunk&, unsigned long, int)
0010491c 000000fc T MemPool::Deallocate(MemChunk const&)
00104a18 00000030 T MemPool::GetFreeSpace()
00104a48 00000074 T osConvertVirtToPhys
00104abc 00000034 T __ctru_speedup_config
00104af0 000000d0 t gfxPresentFramebuffer
00104bc0 000000ec T gfxSetScreenFormat
00104cac 000000e0 T gfxInit
00104d8c 00000010 T gfxInitDefault
00104d9c 000000b4 T gfxExit
00104e50 000000a0 T gfxGetFramebuffer
00104ef0 00000030 T gfxScreenSwapBuffers
00104f20 000001d4 T shaderInstanceInit
001050f4 00000018 T shaderInstanceGetUniformLocation
0010510c 0000001c T shaderProgramInit
00105128 00000064 T shaderProgramFree
0010518c 00000080 T shaderProgramSetVsh
0010520c 000008e0 T shaderProgramConfigure
00105aec 000001cc t DVLE_GenerateOutmap.part.0
00105cb8 000001b4 T DVLB_ParseFile
00105e6c 00000038 T DVLB_Free
00105ea4 00000074 T DVLE_GetUniformRegister
00105f18 00000010 T GX_BindQueue
00105f28 00000078 T GX_ProcessCommandList
00105fa0 00000074 T GX_MemoryFill
00106014 00000070 T GX_DisplayTransfer
00106084 00000074 T GX_TextureCopy
001060f8 00000068 t gxCmdQueueDoCommands.part.0
00106160 000000c8 T gxCmdQueueInterrupt
00106228 0000004c T gxCmdQueueClear
00106274 000000f8 T gxCmdQueueAdd
0010636c 00000080 T gxCmdQueueRun
001063ec 00000060 T gxCmdQueueStop
0010644c 00000074 T gxCmdQueueWait
001064c0 0000013c T GPUCMD_Add
001065fc 000000b0 T GPUCMD_Split
001066ac 00000034 T f32tof16
001066e0 00000034 T f32tof24
00106714 00000038 T f32tof31
0010674c 00000c58 t gspHardwareInit
001073a4 00000248 T gspInit
001075ec 000000f0 T gspExit
001076dc 00000010 T gspHasGpuRight
001076ec 000000a0 T gspPresentBuffer
0010778c 00000030 T gspSetEventCallback
001077bc 00000044 T gspWaitForEvent
00107800 0000004c T gspWaitForAnyEvent
0010784c 00000158 t gspEventThreadMain
001079a4 00000130 T gspSubmitGxCommand
00107ad4 00000050 T GSPGPU_FlushDataCache
00107b24 00000034 T GSPGPU_SetLcdForceBlack
00107b58 00000068 T GSPGPU_AcquireRight
00107bc0 00000048 T GSPGPU_ReleaseRight
00107c08 0000007c T GSPGPU_ImportDisplayCaptureInfo
00107c84 0000002c T GSPGPU_SaveVramSysArea
00107cb0 0000002c T GSPGPU_RestoreVramSysArea
00107cdc 000001a4 t aptConvertScreenForCapture
00107e80 00000008 W aptDspSleep
00107e88 00000004 W aptDspWakeup
00107e8c 00000004 W aptDspCancel
00107e90 00000158 T aptSendCommand
00107fe8 00000044 t aptExitProcess
0010802c 000002f4 T aptExit
00108320 000000e0 T aptHandleSleep
00108400 00000030 T aptHook
00108430 00000030 T aptUnhook
00108460 00000084 T APT_SleepIfShellClosed
001084e4 00000084 T aptSetSleepAllowed
00108568 00000084 T APT_UnlockTransition
001085f0 000004a4 t aptEventHandler
00108a94 000000b0 T APT_ReceiveParameter
00108b44 000000b0 t aptReceiveParameter.constprop.0
00108bf8 000002ac t aptScreenTransfer
00108ea4 00000344 t aptWaitForWakeUp.isra.0
001091e8 00000100 T aptJumpToHomeMenu
001092e8 00000048 T aptMainLoop
00109330 0000022c T aptInit
0010955c 0000007c T APT_CheckNew3DS
001095d8 00000024 W hidShouldUseIrrst
001095fc 0000018c T hidInit
00109788 000000e8 T hidExit
00109870 000002a4 T hidScanInput
00109b14 00000010 T hidKeysDown
00109b24 00000074 T ptmSysmInit
00109b98 0000003c T ptmSysmExit
00109bd4 00000034 T PTMSYSM_ConfigureNew3DSCPU
00109c08 000000c4 t buffer_read
00109ccc 000000d0 t iov_read
00109d9c 00000138 t iov_memmove
00109ed4 000001dc t decompress_rle
0010a0b0 00000244 t decompress_lzss
0010a2f4 00000424 t decompress_lz11
0010a718 000002d8 t decompress_huff
0010a9f0 000000dc T decompressHeader
0010aacc 00000240 T decompressV
0010ad0c 00000010 T rbtree_init
0010ad1c 000001b4 t do_insert
0010aed0 00000008 T rbtree_insert
0010aed8 00000090 T rbtree_rotate
0010af68 00000318 T rbtree_remove
0010b280 00000074 T rbtree_find
0010b2f8 000001e0 W __system_allocateHeaps
0010b4d8 00000038 W __libctru_init
0010b510 00000170 W __system_initArgv
0010b680 T svcControlMemory
0010b6a0 T svcQueryMemory
0010b6d0 T svcExitProcess
0010b6d8 T svcCreateThread
0010b6f8 T svcExitThread
0010b700 T svcSleepThread
0010b708 T svcReleaseMutex
0010b710 T svcCreateEvent
0010b724 T svcSignalEvent
0010b72c T svcClearEvent
0010b734 T svcMapMemoryBlock
0010b73c T svcUnmapMemoryBlock
0010b744 T svcCreateAddressArbiter
0010b758 T svcArbitrateAddressNoTimeout
0010b760 T svcCloseHandle
0010b768 T svcWaitSynchronization
0010b770 T svcWaitSynchronizationN
0010b798 T svcDuplicateHandle
0010b7ac T svcGetSystemTick
0010b7b4 T svcConnectToPort
0010b7c8 T svcSendSyncRequest
0010b7d0 T svcGetResourceLimit
0010b7e4 T svcGetResourceLimitLimitValues
0010b7ec T svcGetResourceLimitCurrentValues
0010b7f4 T svcBreak
0010b7fc W initSystem
0010b84c W __ctru_exit
0010b864 0000000c T __sync_init
0010b870 00000018 T __sync_fini
0010b888 0000002c T syncArbitrateAddress
0010b8b4 000000b0 T LightLock_Lock
0010b964 00000040 T LightLock_Unlock
0010b9a4 00000030 T RecursiveLock_Lock
0010b9d4 00000054 T RecursiveLock_Unlock
0010ba28 00000040 T LightEvent_Init
0010ba68 000000a4 T LightEvent_Clear
0010bb0c 000000c8 T LightEvent_Signal
0010bbd4 00000050 T LightEvent_TryWait
0010bc24 000000b0 T LightEvent_Wait
0010bcd4 00000130 T srvInit
0010be04 00000058 T srvExit
0010be5c 000000a0 T srvGetServiceHandleDirect
0010befc 00000038 T srvGetServiceHandle
0010bf34 00000038 T srvPublishToSubscriber
0010bf6c 00000178 T threadCreate
0010c0e4 0000002c T threadFree
0010c110 00000024 T threadJoin
0010c134 00000030 T threadGetCurrent
0010c164 00000040 T threadExit
0010c1a4 00000020 t _thread_begin
0010c1c4 000000b4 t mappableFindAddressWithin
0010c278 00000028 T mappableInit
0010c2a0 00000080 T mappableAlloc
0010c320 00000004 T mappableFree
0010c324 00000164 T irrstInit
0010c488 000000cc T irrstExit
0010c554 000000b4 T irrstScanInput
0010c608 00000024 T irrstKeysHeld
0010c62c 0000000c T srvPmGetSessionHandle
0010c638 0000005c T rbtree_node_next
0010c694 00000030 W __appInit
0010c6c4 00000030 T __syscall_getreent
0010c6f4 00000004 T __syscall_lock_acquire_recursive
0010c6f8 00000004 T __syscall_lock_release_recursive
0010c6fc 00000004 T __syscall_exit
0010c700 00000050 T initThreadVars
0010c750 00000068 T __system_initSyscalls
0010c7b8 00000030 W __appExit
0010c7e8 00000090 W __libctru_exit
0010c878 00000084 W envGetHandle
0010c8fc 00000050 W envDestroyHandles
0010c94c 00000014 t archive_link
0010c960 00000014 t archive_dirreset
0010c974 00000014 t archive_chmod
0010c988 00000024 t error_cmp
0010c9ac 00000050 t archive_translate_error
0010c9fc 000000c8 t archive_seek
0010cac4 0000007c t _archiveInit.part.0
0010cb40 000000c4 t archiveFindDevice.part.0
0010cc04 0000025c t archive_utf16path
0010ce60 000000a0 t _archiveUnmountDeviceStruct.part.0
0010cf00 00000014 t archive_fchmod
0010cf14 00000014 t archive_statvfs
0010cf28 00000164 t _archiveMountDevice
0010d08c 000000e8 t archive_diropen
0010d174 000000a4 t archive_fstat
0010d218 0000006c t archive_close
0010d284 0000006c t archive_fsync
0010d2f0 00000070 t archive_dirclose
0010d360 000000e8 t sdmc_statvfs
0010d448 000000ec t archive_chdir
0010d534 0000007c t archive_ftruncate
0010d5b0 000000ac t archive_read
0010d65c 000000a4 t archive_unlink
0010d700 000000bc t archive_rmdir
0010d7bc 000000dc t archive_mkdir
0010d898 0000019c t archive_stat
0010da34 0000015c t archive_dirnext
0010db90 000000ec t archive_write
0010dc7c 000001d4 t archive_open
0010de50 00000278 t archive_rename
0010e0c8 0000019c T archiveMountSdmc
0010e264 00000054 T archiveUnmountAll
0010e2b8 000000cc T fsInit
0010e384 0000003c T fsExit
0010e3c0 00000060 T fsExemptFromSession
0010e420 00000050 T fsUnexemptFromSession
0010e470 000000cc T FSUSER_OpenFile
0010e53c 000000bc T FSUSER_DeleteFile
0010e5f8 000000f8 T FSUSER_RenameFile
0010e6f0 000000bc T FSUSER_DeleteDirectory
0010e7ac 000000d4 T FSUSER_CreateFile
0010e880 000000c4 T FSUSER_CreateDirectory
0010e944 000000f8 T FSUSER_RenameDirectory
0010ea3c 000000b4 T FSUSER_OpenDirectory
0010eaf0 00000098 T FSUSER_OpenArchive
0010eb88 0000008c T FSUSER_CloseArchive
0010ec14 00000074 T FSUSER_GetSdmcArchiveResource
0010ec88 00000064 T FSUSER_IsSdmcWritable
0010ecec 00000058 T FSFILE_Read
0010ed44 00000060 T FSFILE_Write
0010eda4 0000003c T FSFILE_GetSize
0010ede0 00000028 T FSFILE_SetSize
0010ee08 0000003c T FSFILE_Close
0010ee44 00000024 T FSFILE_Flush
0010ee68 00000050 T FSDIR_Read
0010eeb8 0000003c T FSDIR_Close
0010eef4 000000e8 T utf16_to_utf8
0010efdc 00000064 T decode_utf16
0010f040 0000013c T decode_utf8
0010f17c 000000c0 T utf8_to_utf16
0010f23c T __aeabi_read_tp
0010f248 00000054 T encode_utf16
0010f29c 000000e0 T encode_utf8
0010f380 0000022c T cosf
0010f5ac 00000024 t with_errnof
0010f5d0 0000001c T __math_invalidf
0010f5ec 00000070 T tanf
0010f660 0000024c T sinf
0010f8ac 000002c8 T __ieee754_rem_pio2f
0010fb74 00000880 T __kernel_rem_pio2f
001103f4 00000208 T __kernel_tanf
001105fc 00000010 T fabsf
0011060c 000000c0 T floorf
001106cc 0000012c T scalbnf
001107f8 00000078 T bsearch
00110870 00000020 T calloc
00110890 000000c0 T _calloc_r
00110950 0000000c T __errno
0011095c 00000034 T exit
00110990 0000003c T __libc_fini_array
001109cc 000000f8 T _malloc_trim_r
00110ac4 000002e8 T _free_r
00110dac 00000084 T __libc_init_array
00110e30 00000020 T memalign
00110e50 0000014c T _memalign_r
00110f9c 00000018 T malloc
00110fb4 00000018 T free
00110fcc 000007e4 T _malloc_r
001117b0 00000118 T memcpy
001118c8 000000f4 T memset
001119bc 0000000c T __malloc_lock
001119c8 0000000c T __malloc_unlock
001119d4 0000005c T strlen
00111a30 000000e4 T strncat
00111b14 000000e4 T strncmp
00111bf8 000000c4 T strncpy
00111cbc 00000048 T strnlen
00111d04 000001c4 t _strtoul_l.constprop.0
00111ec8 00000028 T strtoul
00111ef0 00000114 T __call_exitprocs
00112004 00000008 t null_write
0011200c 00000018 T setDefaultDevice
00112024 000000c8 T FindDevice
001120ec 00000028 T RemoveDevice
00112114 0000009c T AddDevice
001121b0 00000020 T GetDeviceOpTab
001121d0 00000078 T _sbrk_r
00112248 00000020 T _exit
00112268 000001a4 T _concatenate_path
0011240c 00000140 T chdir
0011254c 0000002c T __getreent
00112578 0000001c T __libc_lock_acquire_recursive
00112594 0000001c T __libc_lock_release_recursive
001125b0 00000130 T strchr
001126e0 00000048 T strrchr
00112728 T _fini
00113000 00005100 r teapot
00118110 R vshader_shbin
00118318 R vshader_shbin_end
00118318 R vshader_shbin_size
0011831c R eye_t3x
001183d1 R eye_t3x_end
001183d4 R kitten_t3x
00118d49 R kitten_t3x_end
00118d98 00000038 r CSWTCH.19
00118dd0 00000005 r colorFmtSizes
00118dd8 00000004 r depthFmtSizes
00118e00 00000008 r morton_y.2
00118e08 00000008 r morton_x.3
00118e10 00000008 r s_sleepWakeEvents.4
00118e6c 00000030 r error_table
00118ea4 00000070 r archive_devoptab
00118f1c 00000060 R __inv_pio4
00118f80 000000e0 R __sincosf_table
00119060 00000080 r npio2_hw
001190e0 00000318 r two_over_pi
001193f8 0000002c r PIo2
00119424 0000000c r init_jk
00119430 00000004 R _global_impure_ptr
00119434 00000101 R _ctype_
00119538 00000070 R dotab_stdnull
001195a8 R __tdata_align
001195ac r 
001195ac R __exidx_end
001195ac R __exidx_start
0011a000 00000040 D material
0011a040 00000004 d framerate
0011a044 00000008 d framerateCounter
0011a04c 00000004 d queueLock
0011a050 00000004 d kCount
0011a054 00000004 d kInterval
0011a058 00000004 d kDelay
0011a05c W __stacksize__
0011a060 00000004 D _impure_ptr
0011a068 00000460 d impure_data
0011a4c8 00000004 D __malloc_sbrk_base
0011a4cc 00000004 D __malloc_trim_threshold
0011a4d0 00000408 D __malloc_av_
0011a8d8 0000008c D devoptab_list
0011a964 00000004 d defaultDevice
0011a968 00000400 d _current_working_directory
0011ad70 d _GLOBAL_OFFSET_TABLE_
0011ad7c d __frame_dummy_init_array_entry
0011ad7c D __init_array_start
0011ad7c B __preinit_array_end
0011ad7c B __preinit_array_start
0011ad7c D __tdata_lma
0011ad7c D __tdata_lma_end
0011ad80 d __do_global_dtors_aux_fini_array_entry
0011ad80 D __fini_array_start
0011ad80 D __init_array_end
0011ad84 D __bss_start__
0011ad84 D __fini_array_end
0011ad84 00000004 B vshader_dvlb
0011ad88 00000014 B shaderProgram
0011ad9c 00000004 B uLoc_projection
0011ada0 00000004 B uLoc_modelView
0011ada4 00000004 B uLoc_lightVec
0011ada8 00000004 B uLoc_lightHalfVec
0011adac 00000004 B uLoc_lightClr
0011adb0 00000004 B uLoc_material
0011adb4 00000040 B projection
0011adf4 00000004 B vbo1Data
0011adf8 00000098 B buf1Info
0011ae90 00000004 B vbo2Data
0011ae94 00000098 B buf2Info
0011af2c 00000018 B kitten_tex
0011af44 00000018 B eyeTexture
0011af5c 00000004 B angleX
0011af60 00000004 B angleY
0011af64 0000d800 B teapot2VertexList
00128764 0000d800 B teapot1VertexList
00135f64 b completed.1
00135f68 b object.0
00135f80 000002d0 B __C3D_Context
00136250 0000000c b hookCookie
00136260 00000010 b cpuTime
00136270 00000004 b firstTarget
00136274 00000008 b frameCounter
0013627c 00000004 b frameEndCb
00136280 00000004 b frameEndCbData
00136288 00000010 b gpuTime
00136298 00000001 b inFrame
00136299 00000001 b inSafeTransfer
0013629a 00000001 b isTopStereo
0013629c 00000004 b lastTarget
001362a0 0000000c b linkedTarget
001362ac 00000001 b measureGpuTime
001362ad 00000001 b needSwapBot
001362ae 00000001 b needSwapTop
001362b0 00000004 B C3D_BoolUnifs
001362b4 00000002 B C3D_BoolUnifsDirty
001362b8 00000c00 B C3D_FVUnif
00136eb8 000000c0 B C3D_FVUnifDirty
00136f78 00000020 B C3D_IVUnif
00136f98 00000008 B C3D_IVUnifDirty
00136fa0 000000c0 b C3Di_FVUnifEverDirty
00137060 00000008 b C3Di_IVUnifEverDirty
00137068 00000018 b C3Di_ShaderFVecData
00137080 00000008 b sVramPoolB
00137088 00000008 b sVramPoolA
00137090 0000000c b sAddrMap
001370a0 00000008 b sLinearPool
001370a8 0000000c b sAddrMap
001370b4 00000001 V __ctru_speedup
001370b8 00000004 b screenAlloc
001370bc 00000004 b screenFree
001370c0 00000002 b gfxIsDoubleBuf
001370c4 00000002 b gfxCurBuf
001370c6 00000001 b gfxIsVram
001370c7 00000001 b gfxTopMode
001370c8 00000002 b gfxFramebufferFormats
001370cc 00000004 b gfxBottomFramebufferMaxSize
001370d0 00000004 b gfxTopFramebufferMaxSize
001370d8 00000008 b gfxBottomFramebuffers
001370e0 00000008 b gfxTopFramebuffers
001370e8 00000004 b boundQueue
001370ec 00000001 b shouldStop
001370ed 00000001 b isRunning
001370ee 00000001 b isActive
001370f0 00000004 b curQueue
001370f4 00000004 B gpuCmdBufOffset
001370f8 00000004 B gpuCmdBufSize
001370fc 00000004 B gpuCmdBuf
00137100 00000007 b gspEventCbOneShot
00137108 0000001c b gspEventCbData
00137124 0000001c b gspEventCb
00137140 00000038 b gspEvents
00137178 00000004 b gspLastEvent
0013717c 00000001 b gspRunEvents
00137180 00000004 b gspEventThread
00137184 00000004 b gspEvent
00137188 00000001 b gspGpuRight
00137189 00000001 b gspThreadId
0013718c 00000004 b gspSharedMem
00137190 00000004 b gspSharedMemHandle
00137194 00000004 b gspRefCount
00137198 00000004 b gspGpuHandle
0013719c 00000001 b flagValue.0
0013719d 00000001 b flagInit.1
001371a0 00000004 b serviceName.6
001371a4 00000001 b aptChainloadMediatype
001371a8 00000008 b aptChainloadTid
001371b0 00000001 b aptChainloadFlags
001371b4 00001000 b aptParameters
001381b4 00000004 b aptFlags
001381b8 00000001 b aptHomeButtonState
001381bc 00000004 b aptMessageFuncData
001381c0 00000004 b aptMessageFunc
001381c4 0000000c b aptFirstHook
001381d0 00000001 b aptEventHandlerThreadQuit
001381d4 00000004 b aptEventHandlerThread
001381d8 00000008 b aptSleepEvent
001381e0 00000008 b aptReceiveEvent
001381e8 00000008 b aptEvents
001381f0 00000004 b aptLockHandle
001381f4 00000004 b aptRefCount
001381f8 00000001 b usingIrrst
001381fc 00000004 b hidRefCount
00138200 00000006 b gRate
00138208 00000006 b aVec
00138210 00000004 b cPos
00138214 00000004 b tPos
00138218 00000004 b kRepeat
0013821c 00000004 b kUp
00138220 00000004 b kDown
00138224 00000004 b kHeld
00138228 00000004 b kOld
0013822c 00000004 B hidSharedMem
00138230 00000014 B hidEvents
00138244 00000004 B hidMemHandle
00138248 00000004 B hidHandle
0013824c 00000004 b ptmSysmRefCount
00138250 00000004 b ptmSysmHandle
00138254 00000004 V __ctru_linear_heap_size
00138258 00000004 V __ctru_heap_size
0013825c 00000004 B __ctru_linear_heap
00138260 00000004 B __ctru_heap
00138264 00000004 B __system_retAddr
00138268 00000004 B __system_argv
0013826c 00000004 B __system_argc
00138270 b saved_stack
00138278 00000004 b arbiter
0013827c 00000004 B __3dslink_host
00138280 00000004 b srvRefCount
00138284 00000004 b srvHandle
00138288 00000004 b currentAddr
0013828c 00000004 b maxAddr
00138290 00000004 b minAddr
00138294 00000004 b irrstRefCount
00138298 00000004 b csPos
0013829c 00000004 b kHeld
001382a0 00000004 B irrstSharedMem
001382a4 00000004 B irrstEvent
001382a8 00000004 B irrstMemHandle
001382ac 00000004 B irrstHandle
001382b0 00000004 b srvPmHandle
001382b8 00000540 b archive_devices
001387f8 00000004 b archive_device_cwd
001387fc 00000001 b archive_initialized
00138800 00000080 b fsExemptArchives
00138880 00000004 b fsuRefCount
00138884 00000004 b fsuHandle
00138888 00000028 B __malloc_current_mallinfo
001388b0 00000004 B __malloc_max_total_mem
001388b4 00000004 B __malloc_max_sbrked_mem
001388b8 00000004 B __malloc_top_pad
001388bc 0000000c b __malloc_recursive_mutex
001388c8 0000000c B __atexit_recursive_mutex
001388d4 00000004 b heap_start.0
001388d8 00000004 B fake_heap_start
001388dc 00000004 B fake_heap_end
001388e0 00000400 b temp_cwd
00138ce0 B __tls_start
001398e8 B __bss_end__
001398e8 A __end__
001398e8 B __tls_end
